<?xml version="1.0" encoding="UTF-8"?>
<!-- Generated by org.testng.reporters.JUnitReportReporter -->
<testsuite hostname="Mitesh" failures="0" tests="1" name="com.Utility.DataRead" time="0.027" errors="0" timestamp="24 Nov 2023 10:52:26 GMT" skipped="0">
  <testcase classname="com.Utility.DataRead" name="t" time="0.027"/>
</testsuite> <!-- com.Utility.DataRead -->
