<?xml version="1.0" encoding="UTF-8"?>
<!-- Generated by org.testng.reporters.JUnitReportReporter -->
<testsuite hostname="Mitesh" failures="0" tests="3" name="com.TCs.HomePage_TC" time="13.982" errors="0" timestamp="25 Nov 2023 03:52:16 GMT" skipped="0">
  <testcase classname="com.TCs.HomePage_TC" name="Verify_selectFlighttxt" time="11.759"/>
  <testcase classname="com.TCs.HomePage_TC" name="verify_account_popup" time="2.201"/>
  <testcase classname="com.TCs.HomePage_TC" name="verify_title" time="0.022"/>
</testsuite> <!-- com.TCs.HomePage_TC -->
